<?xml version="1.0" encoding="UTF-8"?>
<testng-results ignored="0" total="1" passed="1" failed="0" skipped="0">
  <reporter-output>
  </reporter-output>
  <suite started-at="2025-07-29T12:23:46 IST" name="Default suite" finished-at="2025-07-29T12:24:03 IST" duration-ms="17859">
    <groups>
    </groups>
    <test started-at="2025-07-29T12:23:46 IST" name="Default test" finished-at="2025-07-29T12:24:03 IST" duration-ms="17859">
      <class name="com.joltqatest.joltTest">
        <test-method signature="joltVisit()[pri:0, instance:com.joltqatest.joltTest@7b2bbc3]" started-at="2025-07-29T12:23:46 IST" name="joltVisit" finished-at="2025-07-29T12:24:03 IST" duration-ms="17816" status="PASS">
          <reporter-output>
          </reporter-output>
        </test-method> <!-- joltVisit -->
      </class> <!-- com.joltqatest.joltTest -->
    </test> <!-- Default test -->
  </suite> <!-- Default suite -->
</testng-results>
